  Greeting.c
C:\Users\vinvd\OneDrive\Desktop\Projects\Daily Greeting\Daily Greeting\Greeting.c(16,9): warning C4473: 'printf' : not enough arguments passed for format string
  C:\Users\vinvd\OneDrive\Desktop\Projects\Daily Greeting\Daily Greeting\Greeting.c(16,9):
  placeholders and their parameters expect 1 variadic arguments, but 0 were provided
  C:\Users\vinvd\OneDrive\Desktop\Projects\Daily Greeting\Daily Greeting\Greeting.c(16,9):
  the missing variadic argument 1 is required by format string '%i'
  
C:\Users\vinvd\OneDrive\Desktop\Projects\Daily Greeting\Daily Greeting\Greeting.c(17,15): error C4996: 'ctime': This function or variable may be unsafe. Consider using ctime_s instead. To disable deprecation, use _CRT_SECURE_NO_WARNINGS. See online help for details.
  Gtest.c
C:\Users\vinvd\OneDrive\Desktop\Projects\Daily Greeting\Daily Greeting\Gtest.c(6,9): warning C4013: 'put' undefined; assuming extern returning int
C:\Users\vinvd\OneDrive\Desktop\Projects\Daily Greeting\Daily Greeting\Gtest.c(16,12): warning C4473: 'printf' : not enough arguments passed for format string
  C:\Users\vinvd\OneDrive\Desktop\Projects\Daily Greeting\Daily Greeting\Gtest.c(16,12):
  placeholders and their parameters expect 1 variadic arguments, but 0 were provided
  C:\Users\vinvd\OneDrive\Desktop\Projects\Daily Greeting\Daily Greeting\Gtest.c(16,12):
  the missing variadic argument 1 is required by format string '%i'
  
C:\Users\vinvd\OneDrive\Desktop\Projects\Daily Greeting\Daily Greeting\Gtest.c(17,18): error C4996: 'ctime': This function or variable may be unsafe. Consider using ctime_s instead. To disable deprecation, use _CRT_SECURE_NO_WARNINGS. See online help for details.
  Generating Code...
